C:\ARCHIV~1\EASYPH~1\MySql\bin\mysqld.exe: Prêt pour des connections
080621 23:55:19  C:\ARCHIV~1\EASYPH~1\MySql\bin\mysqld.exe: Arrêt normal du serveur

080621 23:55:19  C:\ARCHIV~1\EASYPH~1\MySql\bin\mysqld.exe: Arrêt du serveur terminé

C:\ARCHIV~1\EASYPH~1\MySql\bin\mysqld.exe: preparado para conexiones
080621 23:56:41  C:\ARCHIV~1\EASYPH~1\MySql\bin\mysqld.exe: Apagado normal

080621 23:56:41  C:\ARCHIV~1\EASYPH~1\MySql\bin\mysqld.exe: Apagado completado

C:\ARCHIV~1\EASYPH~1\MySql\bin\mysqld.exe: preparado para conexiones
080621 23:56:46  C:\ARCHIV~1\EASYPH~1\MySql\bin\mysqld.exe: Apagado normal

080621 23:56:46  C:\ARCHIV~1\EASYPH~1\MySql\bin\mysqld.exe: Apagado completado

C:\ARCHIV~1\EASYPH~1\MySql\bin\mysqld.exe: preparado para conexiones
080621 23:58:37  C:\ARCHIV~1\EASYPH~1\MySql\bin\mysqld.exe: Apagado normal

080621 23:58:37  C:\ARCHIV~1\EASYPH~1\MySql\bin\mysqld.exe: Apagado completado

C:\ARCHIV~1\EASYPH~1\MySql\bin\mysqld.exe: preparado para conexiones
080622  0:02:05  C:\ARCHIV~1\EASYPH~1\MySql\bin\mysqld.exe: Apagado normal

080622  0:02:05  C:\ARCHIV~1\EASYPH~1\MySql\bin\mysqld.exe: Apagado completado

C:\ARCHIV~1\EASYPH~1\MySql\bin\mysqld.exe: Prêt pour des connections
080622  0:09:19  C:\ARCHIV~1\EASYPH~1\MySql\bin\mysqld.exe: Arrêt normal du serveur

080622  0:09:19  C:\ARCHIV~1\EASYPH~1\MySql\bin\mysqld.exe: Arrêt du serveur terminé

C:\ARCHIV~1\EASYPH~1\MySql\bin\mysqld.exe: Prêt pour des connections
080623 13:03:01  C:\ARCHIV~1\EASYPH~1\MySql\bin\mysqld.exe: Arrêt normal du serveur

C:\ARCHIV~1\EASYPH~1\MySql\bin\mysqld.exe: Prêt pour des connections
C:\ARCHIV~1\EASYPH~1\MySql\bin\mysqld.exe: Prêt pour des connections
C:\ARCHIV~1\EASYPH~1\MySql\bin\mysqld.exe: Prêt pour des connections
C:\ARCHIV~1\EASYPH~1\MySql\bin\mysqld.exe: Prêt pour des connections
C:\ARCHIV~1\EASYPH~1\MySql\bin\mysqld.exe: Prêt pour des connections
080625 13:06:27  C:\ARCHIV~1\EASYPH~1\MySql\bin\mysqld.exe: Arrêt normal du serveur

080625 13:06:27  C:\ARCHIV~1\EASYPH~1\MySql\bin\mysqld.exe: Arrêt du serveur terminé

C:\ARCHIV~1\EASYPH~1\MySql\bin\mysqld.exe: Prêt pour des connections
C:\ARCHIV~1\EASYPH~1\MySql\bin\mysqld.exe: Prêt pour des connections
C:\ARCHIV~1\EASYPH~1\MySql\bin\mysqld.exe: Prêt pour des connections
C:\ARCHIV~1\EASYPH~1\MySql\bin\mysqld.exe: Prêt pour des connections
C:\ARCHIV~1\EASYPH~1\MySql\bin\mysqld.exe: Prêt pour des connections
C:\ARCHIV~1\EASYPH~1\MySql\bin\mysqld.exe: Prêt pour des connections
C:\ARCHIV~1\EASYPH~1\MySql\bin\mysqld.exe: Prêt pour des connections
